2024-03-21 22:00:58.747 INFO  [main] o.s.c.s.PostProcessorRegistrationDelegate$BeanPostProcessorChecker[330] - Bean 'org.springframework.cloud.autoconfigure.ConfigurationPropertiesRebinderAutoConfiguration' of type [org.springframework.cloud.autoconfigure.ConfigurationPropertiesRebinderAutoConfiguration$$EnhancerBySpringCGLIB$$98136f8f] is not eligible for getting processed by all BeanPostProcessors (for example: not eligible for auto-proxying)
2024-03-21 22:01:00.413 WARN  [main] o.s.b.t.j.DuplicateJsonObjectContextCustomizerFactory$DuplicateJsonObjectContextCustomizer[81] - 

Found multiple occurrences of org.json.JSONObject on the class path:

	jar:file:/D:/SoftwareEngineering/java/maven/repository/com/vaadin/external/google/android-json/0.0.20131108.vaadin1/android-json-0.0.20131108.vaadin1.jar!/org/json/JSONObject.class
	jar:file:/D:/SoftwareEngineering/java/maven/repository/org/json/json/20140107/json-20140107.jar!/org/json/JSONObject.class

You may wish to exclude one of them to ensure predictable runtime behavior

2024-03-21 22:01:00.417 INFO  [main] c.a.cold.jobs.JobsApplicationTests[651] - The following profiles are active: dev
2024-03-21 22:01:00.973 INFO  [main] o.s.d.r.c.RepositoryConfigurationDelegate[244] - Multiple Spring Data modules found, entering strict repository configuration mode!
2024-03-21 22:01:00.975 INFO  [main] o.s.d.r.c.RepositoryConfigurationDelegate[126] - Bootstrapping Spring Data repositories in DEFAULT mode.
2024-03-21 22:01:01.011 INFO  [main] o.s.d.r.c.RepositoryConfigurationDelegate[182] - Finished Spring Data repository scanning in 21ms. Found 0 repository interfaces.
2024-03-21 22:01:01.291 INFO  [main] o.s.cloud.context.scope.GenericScope[295] - BeanFactory id=233346a2-8110-30d6-9959-b111ace98240
2024-03-21 22:01:01.403 INFO  [main] o.s.c.s.PostProcessorRegistrationDelegate$BeanPostProcessorChecker[330] - Bean 'org.springframework.kafka.annotation.KafkaBootstrapConfiguration' of type [org.springframework.kafka.annotation.KafkaBootstrapConfiguration$$EnhancerBySpringCGLIB$$4fab7e15] is not eligible for getting processed by all BeanPostProcessors (for example: not eligible for auto-proxying)
2024-03-21 22:01:01.451 INFO  [main] o.s.c.s.PostProcessorRegistrationDelegate$BeanPostProcessorChecker[330] - Bean 'org.springframework.transaction.annotation.ProxyTransactionManagementConfiguration' of type [org.springframework.transaction.annotation.ProxyTransactionManagementConfiguration$$EnhancerBySpringCGLIB$$7bf96c92] is not eligible for getting processed by all BeanPostProcessors (for example: not eligible for auto-proxying)
2024-03-21 22:01:01.484 INFO  [main] o.s.c.s.PostProcessorRegistrationDelegate$BeanPostProcessorChecker[330] - Bean 'org.springframework.cloud.autoconfigure.ConfigurationPropertiesRebinderAutoConfiguration' of type [org.springframework.cloud.autoconfigure.ConfigurationPropertiesRebinderAutoConfiguration$$EnhancerBySpringCGLIB$$98136f8f] is not eligible for getting processed by all BeanPostProcessors (for example: not eligible for auto-proxying)
2024-03-21 22:01:01.603 INFO  [main] c.a.d.s.b.a.DruidDataSourceAutoConfigure[56] - Init DruidDataSource
2024-03-21 22:01:01.976 INFO  [main] c.alibaba.druid.pool.DruidDataSource[971] - {dataSource-1} inited
2024-03-21 22:01:02.235 INFO  [main] org.quartz.impl.StdSchedulerFactory[1208] - Using default implementation for ThreadExecutor
2024-03-21 22:01:02.255 INFO  [main] o.quartz.core.SchedulerSignalerImpl[61] - Initialized Scheduler Signaller of type: class org.quartz.core.SchedulerSignalerImpl
2024-03-21 22:01:02.256 INFO  [main] org.quartz.core.QuartzScheduler[229] - Quartz Scheduler v.2.3.0 created.
2024-03-21 22:01:02.263 INFO  [main] o.s.s.quartz.LocalDataSourceJobStore[672] - Using db table-based data access locking (synchronization).
2024-03-21 22:01:02.266 INFO  [main] o.s.s.quartz.LocalDataSourceJobStore[145] - JobStoreCMT initialized.
2024-03-21 22:01:02.268 INFO  [main] org.quartz.core.QuartzScheduler[294] - Scheduler meta-data: Quartz Scheduler (v2.3.0) 'ItcastScheduler' with instanceId 'AOEIVUXT1711029662238'
  Scheduler class: 'org.quartz.core.QuartzScheduler' - running locally.
  NOT STARTED.
  Currently in standby mode.
  Number of jobs executed: 0
  Using thread pool 'org.quartz.simpl.SimpleThreadPool' - with 20 threads.
  Using job-store 'org.springframework.scheduling.quartz.LocalDataSourceJobStore' - which supports persistence. and is clustered.

2024-03-21 22:01:02.269 INFO  [main] org.quartz.impl.StdSchedulerFactory[1362] - Quartz scheduler 'ItcastScheduler' initialized from an externally provided properties instance.
2024-03-21 22:01:02.269 INFO  [main] org.quartz.impl.StdSchedulerFactory[1366] - Quartz scheduler version: 2.3.0
2024-03-21 22:01:02.270 INFO  [main] org.quartz.core.QuartzScheduler[2287] - JobFactory set to: org.springframework.scheduling.quartz.AdaptableJobFactory@7793ad58
2024-03-21 22:01:02.402 WARN  [main] o.s.w.c.s.GenericWebApplicationContext[557] - Exception encountered during context initialization - cancelling refresh attempt: org.springframework.beans.factory.UnsatisfiedDependencyException: Error creating bean with name 'scheduleJobController': Unsatisfied dependency expressed through field 'scheduleJobService'; nested exception is org.springframework.beans.factory.BeanCreationException: Error creating bean with name 'scheduleJobService': Invocation of init method failed; nested exception is MyException(msg=获取定时任务CronTrigger出现异常, code=500)
2024-03-21 22:01:02.403 INFO  [main] o.s.s.quartz.SchedulerFactoryBean[844] - Shutting down Quartz Scheduler
2024-03-21 22:01:02.403 INFO  [main] org.quartz.core.QuartzScheduler[666] - Scheduler ItcastScheduler_$_AOEIVUXT1711029662238 shutting down.
2024-03-21 22:01:02.403 INFO  [main] org.quartz.core.QuartzScheduler[585] - Scheduler ItcastScheduler_$_AOEIVUXT1711029662238 paused.
2024-03-21 22:01:02.404 INFO  [main] org.quartz.core.QuartzScheduler[740] - Scheduler ItcastScheduler_$_AOEIVUXT1711029662238 shutdown complete.
2024-03-21 22:01:02.413 INFO  [main] c.alibaba.druid.pool.DruidDataSource[1908] - {dataSource-1} closed
2024-03-21 22:01:02.420 INFO  [main] o.s.b.a.l.ConditionEvaluationReportLoggingListener[136] - 

Error starting ApplicationContext. To display the conditions report re-run your application with 'debug' enabled.
2024-03-21 22:01:02.423 ERROR [main] o.s.boot.SpringApplication[822] - Application run failed
org.springframework.beans.factory.UnsatisfiedDependencyException: Error creating bean with name 'scheduleJobController': Unsatisfied dependency expressed through field 'scheduleJobService'; nested exception is org.springframework.beans.factory.BeanCreationException: Error creating bean with name 'scheduleJobService': Invocation of init method failed; nested exception is MyException(msg=获取定时任务CronTrigger出现异常, code=500)
	at org.springframework.beans.factory.annotation.AutowiredAnnotationBeanPostProcessor$AutowiredFieldElement.inject(AutowiredAnnotationBeanPostProcessor.java:596)
	at org.springframework.beans.factory.annotation.InjectionMetadata.inject(InjectionMetadata.java:90)
	at org.springframework.beans.factory.annotation.AutowiredAnnotationBeanPostProcessor.postProcessProperties(AutowiredAnnotationBeanPostProcessor.java:374)
	at org.springframework.beans.factory.support.AbstractAutowireCapableBeanFactory.populateBean(AbstractAutowireCapableBeanFactory.java:1411)
	at org.springframework.beans.factory.support.AbstractAutowireCapableBeanFactory.doCreateBean(AbstractAutowireCapableBeanFactory.java:592)
	at org.springframework.beans.factory.support.AbstractAutowireCapableBeanFactory.createBean(AbstractAutowireCapableBeanFactory.java:515)
	at org.springframework.beans.factory.support.AbstractBeanFactory.lambda$doGetBean$0(AbstractBeanFactory.java:320)
	at org.springframework.beans.factory.support.DefaultSingletonBeanRegistry.getSingleton(DefaultSingletonBeanRegistry.java:222)
	at org.springframework.beans.factory.support.AbstractBeanFactory.doGetBean(AbstractBeanFactory.java:318)
	at org.springframework.beans.factory.support.AbstractBeanFactory.getBean(AbstractBeanFactory.java:199)
	at org.springframework.beans.factory.support.DefaultListableBeanFactory.preInstantiateSingletons(DefaultListableBeanFactory.java:845)
	at org.springframework.context.support.AbstractApplicationContext.finishBeanFactoryInitialization(AbstractApplicationContext.java:877)
	at org.springframework.context.support.AbstractApplicationContext.refresh(AbstractApplicationContext.java:549)
	at org.springframework.boot.SpringApplication.refresh(SpringApplication.java:743)
	at org.springframework.boot.SpringApplication.refreshContext(SpringApplication.java:390)
	at org.springframework.boot.SpringApplication.run(SpringApplication.java:312)
	at org.springframework.boot.test.context.SpringBootContextLoader.loadContext(SpringBootContextLoader.java:120)
	at org.springframework.test.context.cache.DefaultCacheAwareContextLoaderDelegate.loadContextInternal(DefaultCacheAwareContextLoaderDelegate.java:99)
	at org.springframework.test.context.cache.DefaultCacheAwareContextLoaderDelegate.loadContext(DefaultCacheAwareContextLoaderDelegate.java:117)
	at org.springframework.test.context.support.DefaultTestContext.getApplicationContext(DefaultTestContext.java:108)
	at org.springframework.test.context.web.ServletTestExecutionListener.setUpRequestContextIfNecessary(ServletTestExecutionListener.java:190)
	at org.springframework.test.context.web.ServletTestExecutionListener.prepareTestInstance(ServletTestExecutionListener.java:132)
	at org.springframework.test.context.TestContextManager.prepareTestInstance(TestContextManager.java:246)
	at org.springframework.test.context.junit4.SpringJUnit4ClassRunner.createTest(SpringJUnit4ClassRunner.java:227)
	at org.springframework.test.context.junit4.SpringJUnit4ClassRunner$1.runReflectiveCall(SpringJUnit4ClassRunner.java:289)
	at org.junit.internal.runners.model.ReflectiveCallable.run(ReflectiveCallable.java:12)
	at org.springframework.test.context.junit4.SpringJUnit4ClassRunner.methodBlock(SpringJUnit4ClassRunner.java:291)
	at org.springframework.test.context.junit4.SpringJUnit4ClassRunner.runChild(SpringJUnit4ClassRunner.java:246)
	at org.springframework.test.context.junit4.SpringJUnit4ClassRunner.runChild(SpringJUnit4ClassRunner.java:97)
	at org.junit.runners.ParentRunner$3.run(ParentRunner.java:290)
	at org.junit.runners.ParentRunner$1.schedule(ParentRunner.java:71)
	at org.junit.runners.ParentRunner.runChildren(ParentRunner.java:288)
	at org.junit.runners.ParentRunner.access$000(ParentRunner.java:58)
	at org.junit.runners.ParentRunner$2.evaluate(ParentRunner.java:268)
	at org.springframework.test.context.junit4.statements.RunBeforeTestClassCallbacks.evaluate(RunBeforeTestClassCallbacks.java:61)
	at org.springframework.test.context.junit4.statements.RunAfterTestClassCallbacks.evaluate(RunAfterTestClassCallbacks.java:70)
	at org.junit.runners.ParentRunner.run(ParentRunner.java:363)
	at org.springframework.test.context.junit4.SpringJUnit4ClassRunner.run(SpringJUnit4ClassRunner.java:190)
	at org.apache.maven.surefire.junit4.JUnit4Provider.execute(JUnit4Provider.java:365)
	at org.apache.maven.surefire.junit4.JUnit4Provider.executeWithRerun(JUnit4Provider.java:273)
	at org.apache.maven.surefire.junit4.JUnit4Provider.executeTestSet(JUnit4Provider.java:238)
	at org.apache.maven.surefire.junit4.JUnit4Provider.invoke(JUnit4Provider.java:159)
	at org.apache.maven.surefire.booter.ForkedBooter.invokeProviderInSameClassLoader(ForkedBooter.java:384)
	at org.apache.maven.surefire.booter.ForkedBooter.runSuitesInProcess(ForkedBooter.java:345)
	at org.apache.maven.surefire.booter.ForkedBooter.execute(ForkedBooter.java:126)
	at org.apache.maven.surefire.booter.ForkedBooter.main(ForkedBooter.java:418)
Caused by: org.springframework.beans.factory.BeanCreationException: Error creating bean with name 'scheduleJobService': Invocation of init method failed; nested exception is MyException(msg=获取定时任务CronTrigger出现异常, code=500)
	at org.springframework.beans.factory.annotation.InitDestroyAnnotationBeanPostProcessor.postProcessBeforeInitialization(InitDestroyAnnotationBeanPostProcessor.java:139)
	at org.springframework.beans.factory.support.AbstractAutowireCapableBeanFactory.applyBeanPostProcessorsBeforeInitialization(AbstractAutowireCapableBeanFactory.java:414)
	at org.springframework.beans.factory.support.AbstractAutowireCapableBeanFactory.initializeBean(AbstractAutowireCapableBeanFactory.java:1770)
	at org.springframework.beans.factory.support.AbstractAutowireCapableBeanFactory.doCreateBean(AbstractAutowireCapableBeanFactory.java:593)
	at org.springframework.beans.factory.support.AbstractAutowireCapableBeanFactory.createBean(AbstractAutowireCapableBeanFactory.java:515)
	at org.springframework.beans.factory.support.AbstractBeanFactory.lambda$doGetBean$0(AbstractBeanFactory.java:320)
	at org.springframework.beans.factory.support.DefaultSingletonBeanRegistry.getSingleton(DefaultSingletonBeanRegistry.java:222)
	at org.springframework.beans.factory.support.AbstractBeanFactory.doGetBean(AbstractBeanFactory.java:318)
	at org.springframework.beans.factory.support.AbstractBeanFactory.getBean(AbstractBeanFactory.java:199)
	at org.springframework.beans.factory.config.DependencyDescriptor.resolveCandidate(DependencyDescriptor.java:277)
	at org.springframework.beans.factory.support.DefaultListableBeanFactory.doResolveDependency(DefaultListableBeanFactory.java:1251)
	at org.springframework.beans.factory.support.DefaultListableBeanFactory.resolveDependency(DefaultListableBeanFactory.java:1171)
	at org.springframework.beans.factory.annotation.AutowiredAnnotationBeanPostProcessor$AutowiredFieldElement.inject(AutowiredAnnotationBeanPostProcessor.java:593)
	... 45 common frames omitted
Caused by: com.aoeivux.cold.common.exception.MyException: 获取定时任务CronTrigger出现异常
	at com.aoeivux.cold.jobs.utils.ScheduleUtils.getCronTrigger(ScheduleUtils.java:35)
	at com.aoeivux.cold.jobs.service.impl.ScheduleJobServiceImpl.init(ScheduleJobServiceImpl.java:35)
	at sun.reflect.NativeMethodAccessorImpl.invoke0(Native Method)
	at sun.reflect.NativeMethodAccessorImpl.invoke(NativeMethodAccessorImpl.java:62)
	at sun.reflect.DelegatingMethodAccessorImpl.invoke(DelegatingMethodAccessorImpl.java:43)
	at java.lang.reflect.Method.invoke(Method.java:498)
	at org.springframework.beans.factory.annotation.InitDestroyAnnotationBeanPostProcessor$LifecycleElement.invoke(InitDestroyAnnotationBeanPostProcessor.java:363)
	at org.springframework.beans.factory.annotation.InitDestroyAnnotationBeanPostProcessor$LifecycleMetadata.invokeInitMethods(InitDestroyAnnotationBeanPostProcessor.java:307)
	at org.springframework.beans.factory.annotation.InitDestroyAnnotationBeanPostProcessor.postProcessBeforeInitialization(InitDestroyAnnotationBeanPostProcessor.java:136)
	... 57 common frames omitted
Caused by: org.quartz.JobPersistenceException: Couldn't retrieve trigger: com.itheima.cold.common.job.entity.ScheduleJobEntity
	at org.quartz.impl.jdbcjobstore.JobStoreSupport.retrieveTrigger(JobStoreSupport.java:1538)
	at org.quartz.impl.jdbcjobstore.JobStoreSupport$12.execute(JobStoreSupport.java:1527)
	at org.quartz.impl.jdbcjobstore.JobStoreCMT.executeInLock(JobStoreCMT.java:245)
	at org.quartz.impl.jdbcjobstore.JobStoreSupport.executeWithoutLock(JobStoreSupport.java:3785)
	at org.quartz.impl.jdbcjobstore.JobStoreSupport.retrieveTrigger(JobStoreSupport.java:1524)
	at org.quartz.core.QuartzScheduler.getTrigger(QuartzScheduler.java:1499)
	at org.quartz.impl.StdScheduler.getTrigger(StdScheduler.java:508)
	at com.aoeivux.cold.jobs.utils.ScheduleUtils.getCronTrigger(ScheduleUtils.java:33)
	... 65 common frames omitted
Caused by: java.lang.ClassNotFoundException: com.itheima.cold.common.job.entity.ScheduleJobEntity
	at java.net.URLClassLoader.findClass(URLClassLoader.java:387)
	at java.lang.ClassLoader.loadClass(ClassLoader.java:419)
	at sun.misc.Launcher$AppClassLoader.loadClass(Launcher.java:352)
	at java.lang.ClassLoader.loadClass(ClassLoader.java:352)
	at java.lang.Class.forName0(Native Method)
	at java.lang.Class.forName(Class.java:348)
	at java.io.ObjectInputStream.resolveClass(ObjectInputStream.java:758)
	at java.io.ObjectInputStream.readNonProxyDesc(ObjectInputStream.java:1988)
	at java.io.ObjectInputStream.readClassDesc(ObjectInputStream.java:1852)
	at java.io.ObjectInputStream.readOrdinaryObject(ObjectInputStream.java:2186)
	at java.io.ObjectInputStream.readObject0(ObjectInputStream.java:1669)
	at java.io.ObjectInputStream.readObject(ObjectInputStream.java:503)
	at java.io.ObjectInputStream.readObject(ObjectInputStream.java:461)
	at java.util.HashMap.readObject(HashMap.java:1418)
	at sun.reflect.NativeMethodAccessorImpl.invoke0(Native Method)
	at sun.reflect.NativeMethodAccessorImpl.invoke(NativeMethodAccessorImpl.java:62)
	at sun.reflect.DelegatingMethodAccessorImpl.invoke(DelegatingMethodAccessorImpl.java:43)
	at java.lang.reflect.Method.invoke(Method.java:498)
	at java.io.ObjectStreamClass.invokeReadObject(ObjectStreamClass.java:1184)
	at java.io.ObjectInputStream.readSerialData(ObjectInputStream.java:2322)
	at java.io.ObjectInputStream.readOrdinaryObject(ObjectInputStream.java:2213)
	at java.io.ObjectInputStream.readObject0(ObjectInputStream.java:1669)
	at java.io.ObjectInputStream.defaultReadFields(ObjectInputStream.java:2431)
	at java.io.ObjectInputStream.readSerialData(ObjectInputStream.java:2355)
	at java.io.ObjectInputStream.readOrdinaryObject(ObjectInputStream.java:2213)
	at java.io.ObjectInputStream.readObject0(ObjectInputStream.java:1669)
	at java.io.ObjectInputStream.readObject(ObjectInputStream.java:503)
	at java.io.ObjectInputStream.readObject(ObjectInputStream.java:461)
	at org.quartz.impl.jdbcjobstore.StdJDBCDelegate.getObjectFromBlob(StdJDBCDelegate.java:3201)
	at org.quartz.impl.jdbcjobstore.StdJDBCDelegate.selectTrigger(StdJDBCDelegate.java:1780)
	at org.quartz.impl.jdbcjobstore.JobStoreSupport.retrieveTrigger(JobStoreSupport.java:1536)
	... 72 common frames omitted
2024-03-21 22:01:02.425 ERROR [main] o.s.test.context.TestContextManager[250] - Caught exception while allowing TestExecutionListener [org.springframework.test.context.web.ServletTestExecutionListener@1329eff] to prepare test instance [com.aoeivux.cold.jobs.JobsApplicationTests@22d7fd41]
java.lang.IllegalStateException: Failed to load ApplicationContext
	at org.springframework.test.context.cache.DefaultCacheAwareContextLoaderDelegate.loadContext(DefaultCacheAwareContextLoaderDelegate.java:125)
	at org.springframework.test.context.support.DefaultTestContext.getApplicationContext(DefaultTestContext.java:108)
	at org.springframework.test.context.web.ServletTestExecutionListener.setUpRequestContextIfNecessary(ServletTestExecutionListener.java:190)
	at org.springframework.test.context.web.ServletTestExecutionListener.prepareTestInstance(ServletTestExecutionListener.java:132)
	at org.springframework.test.context.TestContextManager.prepareTestInstance(TestContextManager.java:246)
	at org.springframework.test.context.junit4.SpringJUnit4ClassRunner.createTest(SpringJUnit4ClassRunner.java:227)
	at org.springframework.test.context.junit4.SpringJUnit4ClassRunner$1.runReflectiveCall(SpringJUnit4ClassRunner.java:289)
	at org.junit.internal.runners.model.ReflectiveCallable.run(ReflectiveCallable.java:12)
	at org.springframework.test.context.junit4.SpringJUnit4ClassRunner.methodBlock(SpringJUnit4ClassRunner.java:291)
	at org.springframework.test.context.junit4.SpringJUnit4ClassRunner.runChild(SpringJUnit4ClassRunner.java:246)
	at org.springframework.test.context.junit4.SpringJUnit4ClassRunner.runChild(SpringJUnit4ClassRunner.java:97)
	at org.junit.runners.ParentRunner$3.run(ParentRunner.java:290)
	at org.junit.runners.ParentRunner$1.schedule(ParentRunner.java:71)
	at org.junit.runners.ParentRunner.runChildren(ParentRunner.java:288)
	at org.junit.runners.ParentRunner.access$000(ParentRunner.java:58)
	at org.junit.runners.ParentRunner$2.evaluate(ParentRunner.java:268)
	at org.springframework.test.context.junit4.statements.RunBeforeTestClassCallbacks.evaluate(RunBeforeTestClassCallbacks.java:61)
	at org.springframework.test.context.junit4.statements.RunAfterTestClassCallbacks.evaluate(RunAfterTestClassCallbacks.java:70)
	at org.junit.runners.ParentRunner.run(ParentRunner.java:363)
	at org.springframework.test.context.junit4.SpringJUnit4ClassRunner.run(SpringJUnit4ClassRunner.java:190)
	at org.apache.maven.surefire.junit4.JUnit4Provider.execute(JUnit4Provider.java:365)
	at org.apache.maven.surefire.junit4.JUnit4Provider.executeWithRerun(JUnit4Provider.java:273)
	at org.apache.maven.surefire.junit4.JUnit4Provider.executeTestSet(JUnit4Provider.java:238)
	at org.apache.maven.surefire.junit4.JUnit4Provider.invoke(JUnit4Provider.java:159)
	at org.apache.maven.surefire.booter.ForkedBooter.invokeProviderInSameClassLoader(ForkedBooter.java:384)
	at org.apache.maven.surefire.booter.ForkedBooter.runSuitesInProcess(ForkedBooter.java:345)
	at org.apache.maven.surefire.booter.ForkedBooter.execute(ForkedBooter.java:126)
	at org.apache.maven.surefire.booter.ForkedBooter.main(ForkedBooter.java:418)
Caused by: org.springframework.beans.factory.UnsatisfiedDependencyException: Error creating bean with name 'scheduleJobController': Unsatisfied dependency expressed through field 'scheduleJobService'; nested exception is org.springframework.beans.factory.BeanCreationException: Error creating bean with name 'scheduleJobService': Invocation of init method failed; nested exception is MyException(msg=获取定时任务CronTrigger出现异常, code=500)
	at org.springframework.beans.factory.annotation.AutowiredAnnotationBeanPostProcessor$AutowiredFieldElement.inject(AutowiredAnnotationBeanPostProcessor.java:596)
	at org.springframework.beans.factory.annotation.InjectionMetadata.inject(InjectionMetadata.java:90)
	at org.springframework.beans.factory.annotation.AutowiredAnnotationBeanPostProcessor.postProcessProperties(AutowiredAnnotationBeanPostProcessor.java:374)
	at org.springframework.beans.factory.support.AbstractAutowireCapableBeanFactory.populateBean(AbstractAutowireCapableBeanFactory.java:1411)
	at org.springframework.beans.factory.support.AbstractAutowireCapableBeanFactory.doCreateBean(AbstractAutowireCapableBeanFactory.java:592)
	at org.springframework.beans.factory.support.AbstractAutowireCapableBeanFactory.createBean(AbstractAutowireCapableBeanFactory.java:515)
	at org.springframework.beans.factory.support.AbstractBeanFactory.lambda$doGetBean$0(AbstractBeanFactory.java:320)
	at org.springframework.beans.factory.support.DefaultSingletonBeanRegistry.getSingleton(DefaultSingletonBeanRegistry.java:222)
	at org.springframework.beans.factory.support.AbstractBeanFactory.doGetBean(AbstractBeanFactory.java:318)
	at org.springframework.beans.factory.support.AbstractBeanFactory.getBean(AbstractBeanFactory.java:199)
	at org.springframework.beans.factory.support.DefaultListableBeanFactory.preInstantiateSingletons(DefaultListableBeanFactory.java:845)
	at org.springframework.context.support.AbstractApplicationContext.finishBeanFactoryInitialization(AbstractApplicationContext.java:877)
	at org.springframework.context.support.AbstractApplicationContext.refresh(AbstractApplicationContext.java:549)
	at org.springframework.boot.SpringApplication.refresh(SpringApplication.java:743)
	at org.springframework.boot.SpringApplication.refreshContext(SpringApplication.java:390)
	at org.springframework.boot.SpringApplication.run(SpringApplication.java:312)
	at org.springframework.boot.test.context.SpringBootContextLoader.loadContext(SpringBootContextLoader.java:120)
	at org.springframework.test.context.cache.DefaultCacheAwareContextLoaderDelegate.loadContextInternal(DefaultCacheAwareContextLoaderDelegate.java:99)
	at org.springframework.test.context.cache.DefaultCacheAwareContextLoaderDelegate.loadContext(DefaultCacheAwareContextLoaderDelegate.java:117)
	... 27 common frames omitted
Caused by: org.springframework.beans.factory.BeanCreationException: Error creating bean with name 'scheduleJobService': Invocation of init method failed; nested exception is MyException(msg=获取定时任务CronTrigger出现异常, code=500)
	at org.springframework.beans.factory.annotation.InitDestroyAnnotationBeanPostProcessor.postProcessBeforeInitialization(InitDestroyAnnotationBeanPostProcessor.java:139)
	at org.springframework.beans.factory.support.AbstractAutowireCapableBeanFactory.applyBeanPostProcessorsBeforeInitialization(AbstractAutowireCapableBeanFactory.java:414)
	at org.springframework.beans.factory.support.AbstractAutowireCapableBeanFactory.initializeBean(AbstractAutowireCapableBeanFactory.java:1770)
	at org.springframework.beans.factory.support.AbstractAutowireCapableBeanFactory.doCreateBean(AbstractAutowireCapableBeanFactory.java:593)
	at org.springframework.beans.factory.support.AbstractAutowireCapableBeanFactory.createBean(AbstractAutowireCapableBeanFactory.java:515)
	at org.springframework.beans.factory.support.AbstractBeanFactory.lambda$doGetBean$0(AbstractBeanFactory.java:320)
	at org.springframework.beans.factory.support.DefaultSingletonBeanRegistry.getSingleton(DefaultSingletonBeanRegistry.java:222)
	at org.springframework.beans.factory.support.AbstractBeanFactory.doGetBean(AbstractBeanFactory.java:318)
	at org.springframework.beans.factory.support.AbstractBeanFactory.getBean(AbstractBeanFactory.java:199)
	at org.springframework.beans.factory.config.DependencyDescriptor.resolveCandidate(DependencyDescriptor.java:277)
	at org.springframework.beans.factory.support.DefaultListableBeanFactory.doResolveDependency(DefaultListableBeanFactory.java:1251)
	at org.springframework.beans.factory.support.DefaultListableBeanFactory.resolveDependency(DefaultListableBeanFactory.java:1171)
	at org.springframework.beans.factory.annotation.AutowiredAnnotationBeanPostProcessor$AutowiredFieldElement.inject(AutowiredAnnotationBeanPostProcessor.java:593)
	... 45 common frames omitted
Caused by: com.aoeivux.cold.common.exception.MyException: 获取定时任务CronTrigger出现异常
	at com.aoeivux.cold.jobs.utils.ScheduleUtils.getCronTrigger(ScheduleUtils.java:35)
	at com.aoeivux.cold.jobs.service.impl.ScheduleJobServiceImpl.init(ScheduleJobServiceImpl.java:35)
	at sun.reflect.NativeMethodAccessorImpl.invoke0(Native Method)
	at sun.reflect.NativeMethodAccessorImpl.invoke(NativeMethodAccessorImpl.java:62)
	at sun.reflect.DelegatingMethodAccessorImpl.invoke(DelegatingMethodAccessorImpl.java:43)
	at java.lang.reflect.Method.invoke(Method.java:498)
	at org.springframework.beans.factory.annotation.InitDestroyAnnotationBeanPostProcessor$LifecycleElement.invoke(InitDestroyAnnotationBeanPostProcessor.java:363)
	at org.springframework.beans.factory.annotation.InitDestroyAnnotationBeanPostProcessor$LifecycleMetadata.invokeInitMethods(InitDestroyAnnotationBeanPostProcessor.java:307)
	at org.springframework.beans.factory.annotation.InitDestroyAnnotationBeanPostProcessor.postProcessBeforeInitialization(InitDestroyAnnotationBeanPostProcessor.java:136)
	... 57 common frames omitted
Caused by: org.quartz.JobPersistenceException: Couldn't retrieve trigger: com.itheima.cold.common.job.entity.ScheduleJobEntity
	at org.quartz.impl.jdbcjobstore.JobStoreSupport.retrieveTrigger(JobStoreSupport.java:1538)
	at org.quartz.impl.jdbcjobstore.JobStoreSupport$12.execute(JobStoreSupport.java:1527)
	at org.quartz.impl.jdbcjobstore.JobStoreCMT.executeInLock(JobStoreCMT.java:245)
	at org.quartz.impl.jdbcjobstore.JobStoreSupport.executeWithoutLock(JobStoreSupport.java:3785)
	at org.quartz.impl.jdbcjobstore.JobStoreSupport.retrieveTrigger(JobStoreSupport.java:1524)
	at org.quartz.core.QuartzScheduler.getTrigger(QuartzScheduler.java:1499)
	at org.quartz.impl.StdScheduler.getTrigger(StdScheduler.java:508)
	at com.aoeivux.cold.jobs.utils.ScheduleUtils.getCronTrigger(ScheduleUtils.java:33)
	... 65 common frames omitted
Caused by: java.lang.ClassNotFoundException: com.itheima.cold.common.job.entity.ScheduleJobEntity
	at java.net.URLClassLoader.findClass(URLClassLoader.java:387)
	at java.lang.ClassLoader.loadClass(ClassLoader.java:419)
	at sun.misc.Launcher$AppClassLoader.loadClass(Launcher.java:352)
	at java.lang.ClassLoader.loadClass(ClassLoader.java:352)
	at java.lang.Class.forName0(Native Method)
	at java.lang.Class.forName(Class.java:348)
	at java.io.ObjectInputStream.resolveClass(ObjectInputStream.java:758)
	at java.io.ObjectInputStream.readNonProxyDesc(ObjectInputStream.java:1988)
	at java.io.ObjectInputStream.readClassDesc(ObjectInputStream.java:1852)
	at java.io.ObjectInputStream.readOrdinaryObject(ObjectInputStream.java:2186)
	at java.io.ObjectInputStream.readObject0(ObjectInputStream.java:1669)
	at java.io.ObjectInputStream.readObject(ObjectInputStream.java:503)
	at java.io.ObjectInputStream.readObject(ObjectInputStream.java:461)
	at java.util.HashMap.readObject(HashMap.java:1418)
	at sun.reflect.NativeMethodAccessorImpl.invoke0(Native Method)
	at sun.reflect.NativeMethodAccessorImpl.invoke(NativeMethodAccessorImpl.java:62)
	at sun.reflect.DelegatingMethodAccessorImpl.invoke(DelegatingMethodAccessorImpl.java:43)
	at java.lang.reflect.Method.invoke(Method.java:498)
	at java.io.ObjectStreamClass.invokeReadObject(ObjectStreamClass.java:1184)
	at java.io.ObjectInputStream.readSerialData(ObjectInputStream.java:2322)
	at java.io.ObjectInputStream.readOrdinaryObject(ObjectInputStream.java:2213)
	at java.io.ObjectInputStream.readObject0(ObjectInputStream.java:1669)
	at java.io.ObjectInputStream.defaultReadFields(ObjectInputStream.java:2431)
	at java.io.ObjectInputStream.readSerialData(ObjectInputStream.java:2355)
	at java.io.ObjectInputStream.readOrdinaryObject(ObjectInputStream.java:2213)
	at java.io.ObjectInputStream.readObject0(ObjectInputStream.java:1669)
	at java.io.ObjectInputStream.readObject(ObjectInputStream.java:503)
	at java.io.ObjectInputStream.readObject(ObjectInputStream.java:461)
	at org.quartz.impl.jdbcjobstore.StdJDBCDelegate.getObjectFromBlob(StdJDBCDelegate.java:3201)
	at org.quartz.impl.jdbcjobstore.StdJDBCDelegate.selectTrigger(StdJDBCDelegate.java:1780)
	at org.quartz.impl.jdbcjobstore.JobStoreSupport.retrieveTrigger(JobStoreSupport.java:1536)
	... 72 common frames omitted
2024-03-21 22:02:01.323 INFO  [main] o.s.c.s.PostProcessorRegistrationDelegate$BeanPostProcessorChecker[330] - Bean 'org.springframework.cloud.autoconfigure.ConfigurationPropertiesRebinderAutoConfiguration' of type [org.springframework.cloud.autoconfigure.ConfigurationPropertiesRebinderAutoConfiguration$$EnhancerBySpringCGLIB$$e4af4559] is not eligible for getting processed by all BeanPostProcessors (for example: not eligible for auto-proxying)
2024-03-21 22:02:02.939 WARN  [main] o.s.b.t.j.DuplicateJsonObjectContextCustomizerFactory$DuplicateJsonObjectContextCustomizer[81] - 

Found multiple occurrences of org.json.JSONObject on the class path:

	jar:file:/D:/SoftwareEngineering/java/maven/repository/com/vaadin/external/google/android-json/0.0.20131108.vaadin1/android-json-0.0.20131108.vaadin1.jar!/org/json/JSONObject.class
	jar:file:/D:/SoftwareEngineering/java/maven/repository/org/json/json/20140107/json-20140107.jar!/org/json/JSONObject.class

You may wish to exclude one of them to ensure predictable runtime behavior

2024-03-21 22:02:02.943 INFO  [main] c.a.cold.jobs.JobsApplicationTests[651] - The following profiles are active: dev
2024-03-21 22:02:03.439 INFO  [main] o.s.d.r.c.RepositoryConfigurationDelegate[244] - Multiple Spring Data modules found, entering strict repository configuration mode!
2024-03-21 22:02:03.442 INFO  [main] o.s.d.r.c.RepositoryConfigurationDelegate[126] - Bootstrapping Spring Data repositories in DEFAULT mode.
2024-03-21 22:02:03.469 INFO  [main] o.s.d.r.c.RepositoryConfigurationDelegate[182] - Finished Spring Data repository scanning in 15ms. Found 0 repository interfaces.
2024-03-21 22:02:03.734 INFO  [main] o.s.cloud.context.scope.GenericScope[295] - BeanFactory id=233346a2-8110-30d6-9959-b111ace98240
2024-03-21 22:02:03.862 INFO  [main] o.s.c.s.PostProcessorRegistrationDelegate$BeanPostProcessorChecker[330] - Bean 'org.springframework.kafka.annotation.KafkaBootstrapConfiguration' of type [org.springframework.kafka.annotation.KafkaBootstrapConfiguration$$EnhancerBySpringCGLIB$$9c4753df] is not eligible for getting processed by all BeanPostProcessors (for example: not eligible for auto-proxying)
2024-03-21 22:02:03.902 INFO  [main] o.s.c.s.PostProcessorRegistrationDelegate$BeanPostProcessorChecker[330] - Bean 'org.springframework.transaction.annotation.ProxyTransactionManagementConfiguration' of type [org.springframework.transaction.annotation.ProxyTransactionManagementConfiguration$$EnhancerBySpringCGLIB$$c895425c] is not eligible for getting processed by all BeanPostProcessors (for example: not eligible for auto-proxying)
2024-03-21 22:02:03.935 INFO  [main] o.s.c.s.PostProcessorRegistrationDelegate$BeanPostProcessorChecker[330] - Bean 'org.springframework.cloud.autoconfigure.ConfigurationPropertiesRebinderAutoConfiguration' of type [org.springframework.cloud.autoconfigure.ConfigurationPropertiesRebinderAutoConfiguration$$EnhancerBySpringCGLIB$$e4af4559] is not eligible for getting processed by all BeanPostProcessors (for example: not eligible for auto-proxying)
2024-03-21 22:02:04.067 INFO  [main] c.a.d.s.b.a.DruidDataSourceAutoConfigure[56] - Init DruidDataSource
2024-03-21 22:02:04.434 INFO  [main] c.alibaba.druid.pool.DruidDataSource[971] - {dataSource-1} inited
2024-03-21 22:02:04.692 INFO  [main] org.quartz.impl.StdSchedulerFactory[1208] - Using default implementation for ThreadExecutor
2024-03-21 22:02:04.709 INFO  [main] o.quartz.core.SchedulerSignalerImpl[61] - Initialized Scheduler Signaller of type: class org.quartz.core.SchedulerSignalerImpl
2024-03-21 22:02:04.709 INFO  [main] org.quartz.core.QuartzScheduler[229] - Quartz Scheduler v.2.3.0 created.
2024-03-21 22:02:04.716 INFO  [main] o.s.s.quartz.LocalDataSourceJobStore[672] - Using db table-based data access locking (synchronization).
2024-03-21 22:02:04.718 INFO  [main] o.s.s.quartz.LocalDataSourceJobStore[145] - JobStoreCMT initialized.
2024-03-21 22:02:04.719 INFO  [main] org.quartz.core.QuartzScheduler[294] - Scheduler meta-data: Quartz Scheduler (v2.3.0) 'ItcastScheduler' with instanceId 'AOEIVUXT1711029724693'
  Scheduler class: 'org.quartz.core.QuartzScheduler' - running locally.
  NOT STARTED.
  Currently in standby mode.
  Number of jobs executed: 0
  Using thread pool 'org.quartz.simpl.SimpleThreadPool' - with 20 threads.
  Using job-store 'org.springframework.scheduling.quartz.LocalDataSourceJobStore' - which supports persistence. and is clustered.

2024-03-21 22:02:04.719 INFO  [main] org.quartz.impl.StdSchedulerFactory[1362] - Quartz scheduler 'ItcastScheduler' initialized from an externally provided properties instance.
2024-03-21 22:02:04.719 INFO  [main] org.quartz.impl.StdSchedulerFactory[1366] - Quartz scheduler version: 2.3.0
2024-03-21 22:02:04.722 INFO  [main] org.quartz.core.QuartzScheduler[2287] - JobFactory set to: org.springframework.scheduling.quartz.AdaptableJobFactory@32bb0072
2024-03-21 22:02:04.876 WARN  [main] o.s.w.c.s.GenericWebApplicationContext[557] - Exception encountered during context initialization - cancelling refresh attempt: org.springframework.beans.factory.UnsatisfiedDependencyException: Error creating bean with name 'scheduleJobController': Unsatisfied dependency expressed through field 'scheduleJobService'; nested exception is org.springframework.beans.factory.BeanCreationException: Error creating bean with name 'scheduleJobService': Invocation of init method failed; nested exception is MyException(msg=峰瀹朵换CronTrigger虹板甯, code=500)
2024-03-21 22:02:04.877 INFO  [main] o.s.s.quartz.SchedulerFactoryBean[844] - Shutting down Quartz Scheduler
2024-03-21 22:02:04.877 INFO  [main] org.quartz.core.QuartzScheduler[666] - Scheduler ItcastScheduler_$_AOEIVUXT1711029724693 shutting down.
2024-03-21 22:02:04.877 INFO  [main] org.quartz.core.QuartzScheduler[585] - Scheduler ItcastScheduler_$_AOEIVUXT1711029724693 paused.
2024-03-21 22:02:04.878 INFO  [main] org.quartz.core.QuartzScheduler[740] - Scheduler ItcastScheduler_$_AOEIVUXT1711029724693 shutdown complete.
2024-03-21 22:02:04.886 INFO  [main] c.alibaba.druid.pool.DruidDataSource[1908] - {dataSource-1} closed
2024-03-21 22:02:04.892 INFO  [main] o.s.b.a.l.ConditionEvaluationReportLoggingListener[136] - 

Error starting ApplicationContext. To display the conditions report re-run your application with 'debug' enabled.
2024-03-21 22:02:04.895 ERROR [main] o.s.boot.SpringApplication[822] - Application run failed
org.springframework.beans.factory.UnsatisfiedDependencyException: Error creating bean with name 'scheduleJobController': Unsatisfied dependency expressed through field 'scheduleJobService'; nested exception is org.springframework.beans.factory.BeanCreationException: Error creating bean with name 'scheduleJobService': Invocation of init method failed; nested exception is MyException(msg=峰瀹朵换CronTrigger虹板甯, code=500)
	at org.springframework.beans.factory.annotation.AutowiredAnnotationBeanPostProcessor$AutowiredFieldElement.inject(AutowiredAnnotationBeanPostProcessor.java:596)
	at org.springframework.beans.factory.annotation.InjectionMetadata.inject(InjectionMetadata.java:90)
	at org.springframework.beans.factory.annotation.AutowiredAnnotationBeanPostProcessor.postProcessProperties(AutowiredAnnotationBeanPostProcessor.java:374)
	at org.springframework.beans.factory.support.AbstractAutowireCapableBeanFactory.populateBean(AbstractAutowireCapableBeanFactory.java:1411)
	at org.springframework.beans.factory.support.AbstractAutowireCapableBeanFactory.doCreateBean(AbstractAutowireCapableBeanFactory.java:592)
	at org.springframework.beans.factory.support.AbstractAutowireCapableBeanFactory.createBean(AbstractAutowireCapableBeanFactory.java:515)
	at org.springframework.beans.factory.support.AbstractBeanFactory.lambda$doGetBean$0(AbstractBeanFactory.java:320)
	at org.springframework.beans.factory.support.DefaultSingletonBeanRegistry.getSingleton(DefaultSingletonBeanRegistry.java:222)
	at org.springframework.beans.factory.support.AbstractBeanFactory.doGetBean(AbstractBeanFactory.java:318)
	at org.springframework.beans.factory.support.AbstractBeanFactory.getBean(AbstractBeanFactory.java:199)
	at org.springframework.beans.factory.support.DefaultListableBeanFactory.preInstantiateSingletons(DefaultListableBeanFactory.java:845)
	at org.springframework.context.support.AbstractApplicationContext.finishBeanFactoryInitialization(AbstractApplicationContext.java:877)
	at org.springframework.context.support.AbstractApplicationContext.refresh(AbstractApplicationContext.java:549)
	at org.springframework.boot.SpringApplication.refresh(SpringApplication.java:743)
	at org.springframework.boot.SpringApplication.refreshContext(SpringApplication.java:390)
	at org.springframework.boot.SpringApplication.run(SpringApplication.java:312)
	at org.springframework.boot.test.context.SpringBootContextLoader.loadContext(SpringBootContextLoader.java:120)
	at org.springframework.test.context.cache.DefaultCacheAwareContextLoaderDelegate.loadContextInternal(DefaultCacheAwareContextLoaderDelegate.java:99)
	at org.springframework.test.context.cache.DefaultCacheAwareContextLoaderDelegate.loadContext(DefaultCacheAwareContextLoaderDelegate.java:117)
	at org.springframework.test.context.support.DefaultTestContext.getApplicationContext(DefaultTestContext.java:108)
	at org.springframework.test.context.web.ServletTestExecutionListener.setUpRequestContextIfNecessary(ServletTestExecutionListener.java:190)
	at org.springframework.test.context.web.ServletTestExecutionListener.prepareTestInstance(ServletTestExecutionListener.java:132)
	at org.springframework.test.context.TestContextManager.prepareTestInstance(TestContextManager.java:246)
	at org.springframework.test.context.junit4.SpringJUnit4ClassRunner.createTest(SpringJUnit4ClassRunner.java:227)
	at org.springframework.test.context.junit4.SpringJUnit4ClassRunner$1.runReflectiveCall(SpringJUnit4ClassRunner.java:289)
	at org.junit.internal.runners.model.ReflectiveCallable.run(ReflectiveCallable.java:12)
	at org.springframework.test.context.junit4.SpringJUnit4ClassRunner.methodBlock(SpringJUnit4ClassRunner.java:291)
	at org.springframework.test.context.junit4.SpringJUnit4ClassRunner.runChild(SpringJUnit4ClassRunner.java:246)
	at org.springframework.test.context.junit4.SpringJUnit4ClassRunner.runChild(SpringJUnit4ClassRunner.java:97)
	at org.junit.runners.ParentRunner$3.run(ParentRunner.java:290)
	at org.junit.runners.ParentRunner$1.schedule(ParentRunner.java:71)
	at org.junit.runners.ParentRunner.runChildren(ParentRunner.java:288)
	at org.junit.runners.ParentRunner.access$000(ParentRunner.java:58)
	at org.junit.runners.ParentRunner$2.evaluate(ParentRunner.java:268)
	at org.springframework.test.context.junit4.statements.RunBeforeTestClassCallbacks.evaluate(RunBeforeTestClassCallbacks.java:61)
	at org.springframework.test.context.junit4.statements.RunAfterTestClassCallbacks.evaluate(RunAfterTestClassCallbacks.java:70)
	at org.junit.runners.ParentRunner.run(ParentRunner.java:363)
	at org.springframework.test.context.junit4.SpringJUnit4ClassRunner.run(SpringJUnit4ClassRunner.java:190)
	at org.junit.runner.JUnitCore.run(JUnitCore.java:137)
	at com.intellij.junit4.JUnit4IdeaTestRunner.startRunnerWithArgs(JUnit4IdeaTestRunner.java:69)
	at com.intellij.rt.junit.IdeaTestRunner$Repeater$1.execute(IdeaTestRunner.java:38)
	at com.intellij.rt.execution.junit.TestsRepeater.repeat(TestsRepeater.java:11)
	at com.intellij.rt.junit.IdeaTestRunner$Repeater.startRunnerWithArgs(IdeaTestRunner.java:35)
	at com.intellij.rt.junit.JUnitStarter.prepareStreamsAndStart(JUnitStarter.java:232)
	at com.intellij.rt.junit.JUnitStarter.main(JUnitStarter.java:55)
Caused by: org.springframework.beans.factory.BeanCreationException: Error creating bean with name 'scheduleJobService': Invocation of init method failed; nested exception is MyException(msg=峰瀹朵换CronTrigger虹板甯, code=500)
	at org.springframework.beans.factory.annotation.InitDestroyAnnotationBeanPostProcessor.postProcessBeforeInitialization(InitDestroyAnnotationBeanPostProcessor.java:139)
	at org.springframework.beans.factory.support.AbstractAutowireCapableBeanFactory.applyBeanPostProcessorsBeforeInitialization(AbstractAutowireCapableBeanFactory.java:414)
	at org.springframework.beans.factory.support.AbstractAutowireCapableBeanFactory.initializeBean(AbstractAutowireCapableBeanFactory.java:1770)
	at org.springframework.beans.factory.support.AbstractAutowireCapableBeanFactory.doCreateBean(AbstractAutowireCapableBeanFactory.java:593)
	at org.springframework.beans.factory.support.AbstractAutowireCapableBeanFactory.createBean(AbstractAutowireCapableBeanFactory.java:515)
	at org.springframework.beans.factory.support.AbstractBeanFactory.lambda$doGetBean$0(AbstractBeanFactory.java:320)
	at org.springframework.beans.factory.support.DefaultSingletonBeanRegistry.getSingleton(DefaultSingletonBeanRegistry.java:222)
	at org.springframework.beans.factory.support.AbstractBeanFactory.doGetBean(AbstractBeanFactory.java:318)
	at org.springframework.beans.factory.support.AbstractBeanFactory.getBean(AbstractBeanFactory.java:199)
	at org.springframework.beans.factory.config.DependencyDescriptor.resolveCandidate(DependencyDescriptor.java:277)
	at org.springframework.beans.factory.support.DefaultListableBeanFactory.doResolveDependency(DefaultListableBeanFactory.java:1251)
	at org.springframework.beans.factory.support.DefaultListableBeanFactory.resolveDependency(DefaultListableBeanFactory.java:1171)
	at org.springframework.beans.factory.annotation.AutowiredAnnotationBeanPostProcessor$AutowiredFieldElement.inject(AutowiredAnnotationBeanPostProcessor.java:593)
	... 44 common frames omitted
Caused by: com.aoeivux.cold.common.exception.MyException: 峰瀹朵换CronTrigger虹板甯
	at com.aoeivux.cold.jobs.utils.ScheduleUtils.getCronTrigger(ScheduleUtils.java:35)
	at com.aoeivux.cold.jobs.service.impl.ScheduleJobServiceImpl.init(ScheduleJobServiceImpl.java:35)
	at sun.reflect.NativeMethodAccessorImpl.invoke0(Native Method)
	at sun.reflect.NativeMethodAccessorImpl.invoke(NativeMethodAccessorImpl.java:62)
	at sun.reflect.DelegatingMethodAccessorImpl.invoke(DelegatingMethodAccessorImpl.java:43)
	at java.lang.reflect.Method.invoke(Method.java:498)
	at org.springframework.beans.factory.annotation.InitDestroyAnnotationBeanPostProcessor$LifecycleElement.invoke(InitDestroyAnnotationBeanPostProcessor.java:363)
	at org.springframework.beans.factory.annotation.InitDestroyAnnotationBeanPostProcessor$LifecycleMetadata.invokeInitMethods(InitDestroyAnnotationBeanPostProcessor.java:307)
	at org.springframework.beans.factory.annotation.InitDestroyAnnotationBeanPostProcessor.postProcessBeforeInitialization(InitDestroyAnnotationBeanPostProcessor.java:136)
	... 56 common frames omitted
Caused by: org.quartz.JobPersistenceException: Couldn't retrieve trigger: com.itheima.cold.common.job.entity.ScheduleJobEntity
	at org.quartz.impl.jdbcjobstore.JobStoreSupport.retrieveTrigger(JobStoreSupport.java:1538)
	at org.quartz.impl.jdbcjobstore.JobStoreSupport$12.execute(JobStoreSupport.java:1527)
	at org.quartz.impl.jdbcjobstore.JobStoreCMT.executeInLock(JobStoreCMT.java:245)
	at org.quartz.impl.jdbcjobstore.JobStoreSupport.executeWithoutLock(JobStoreSupport.java:3785)
	at org.quartz.impl.jdbcjobstore.JobStoreSupport.retrieveTrigger(JobStoreSupport.java:1524)
	at org.quartz.core.QuartzScheduler.getTrigger(QuartzScheduler.java:1499)
	at org.quartz.impl.StdScheduler.getTrigger(StdScheduler.java:508)
	at com.aoeivux.cold.jobs.utils.ScheduleUtils.getCronTrigger(ScheduleUtils.java:33)
	... 64 common frames omitted
Caused by: java.lang.ClassNotFoundException: com.itheima.cold.common.job.entity.ScheduleJobEntity
	at java.net.URLClassLoader.findClass(URLClassLoader.java:387)
	at java.lang.ClassLoader.loadClass(ClassLoader.java:419)
	at sun.misc.Launcher$AppClassLoader.loadClass(Launcher.java:352)
	at java.lang.ClassLoader.loadClass(ClassLoader.java:352)
	at java.lang.Class.forName0(Native Method)
	at java.lang.Class.forName(Class.java:348)
	at java.io.ObjectInputStream.resolveClass(ObjectInputStream.java:758)
	at java.io.ObjectInputStream.readNonProxyDesc(ObjectInputStream.java:1988)
	at java.io.ObjectInputStream.readClassDesc(ObjectInputStream.java:1852)
	at java.io.ObjectInputStream.readOrdinaryObject(ObjectInputStream.java:2186)
	at java.io.ObjectInputStream.readObject0(ObjectInputStream.java:1669)
	at java.io.ObjectInputStream.readObject(ObjectInputStream.java:503)
	at java.io.ObjectInputStream.readObject(ObjectInputStream.java:461)
	at java.util.HashMap.readObject(HashMap.java:1418)
	at sun.reflect.NativeMethodAccessorImpl.invoke0(Native Method)
	at sun.reflect.NativeMethodAccessorImpl.invoke(NativeMethodAccessorImpl.java:62)
	at sun.reflect.DelegatingMethodAccessorImpl.invoke(DelegatingMethodAccessorImpl.java:43)
	at java.lang.reflect.Method.invoke(Method.java:498)
	at java.io.ObjectStreamClass.invokeReadObject(ObjectStreamClass.java:1184)
	at java.io.ObjectInputStream.readSerialData(ObjectInputStream.java:2322)
	at java.io.ObjectInputStream.readOrdinaryObject(ObjectInputStream.java:2213)
	at java.io.ObjectInputStream.readObject0(ObjectInputStream.java:1669)
	at java.io.ObjectInputStream.defaultReadFields(ObjectInputStream.java:2431)
	at java.io.ObjectInputStream.readSerialData(ObjectInputStream.java:2355)
	at java.io.ObjectInputStream.readOrdinaryObject(ObjectInputStream.java:2213)
	at java.io.ObjectInputStream.readObject0(ObjectInputStream.java:1669)
	at java.io.ObjectInputStream.readObject(ObjectInputStream.java:503)
	at java.io.ObjectInputStream.readObject(ObjectInputStream.java:461)
	at org.quartz.impl.jdbcjobstore.StdJDBCDelegate.getObjectFromBlob(StdJDBCDelegate.java:3201)
	at org.quartz.impl.jdbcjobstore.StdJDBCDelegate.selectTrigger(StdJDBCDelegate.java:1780)
	at org.quartz.impl.jdbcjobstore.JobStoreSupport.retrieveTrigger(JobStoreSupport.java:1536)
	... 71 common frames omitted
2024-03-21 22:02:04.896 ERROR [main] o.s.test.context.TestContextManager[250] - Caught exception while allowing TestExecutionListener [org.springframework.test.context.web.ServletTestExecutionListener@7a8c8dcf] to prepare test instance [com.aoeivux.cold.jobs.JobsApplicationTests@6cfbbff7]
java.lang.IllegalStateException: Failed to load ApplicationContext
	at org.springframework.test.context.cache.DefaultCacheAwareContextLoaderDelegate.loadContext(DefaultCacheAwareContextLoaderDelegate.java:125)
	at org.springframework.test.context.support.DefaultTestContext.getApplicationContext(DefaultTestContext.java:108)
	at org.springframework.test.context.web.ServletTestExecutionListener.setUpRequestContextIfNecessary(ServletTestExecutionListener.java:190)
	at org.springframework.test.context.web.ServletTestExecutionListener.prepareTestInstance(ServletTestExecutionListener.java:132)
	at org.springframework.test.context.TestContextManager.prepareTestInstance(TestContextManager.java:246)
	at org.springframework.test.context.junit4.SpringJUnit4ClassRunner.createTest(SpringJUnit4ClassRunner.java:227)
	at org.springframework.test.context.junit4.SpringJUnit4ClassRunner$1.runReflectiveCall(SpringJUnit4ClassRunner.java:289)
	at org.junit.internal.runners.model.ReflectiveCallable.run(ReflectiveCallable.java:12)
	at org.springframework.test.context.junit4.SpringJUnit4ClassRunner.methodBlock(SpringJUnit4ClassRunner.java:291)
	at org.springframework.test.context.junit4.SpringJUnit4ClassRunner.runChild(SpringJUnit4ClassRunner.java:246)
	at org.springframework.test.context.junit4.SpringJUnit4ClassRunner.runChild(SpringJUnit4ClassRunner.java:97)
	at org.junit.runners.ParentRunner$3.run(ParentRunner.java:290)
	at org.junit.runners.ParentRunner$1.schedule(ParentRunner.java:71)
	at org.junit.runners.ParentRunner.runChildren(ParentRunner.java:288)
	at org.junit.runners.ParentRunner.access$000(ParentRunner.java:58)
	at org.junit.runners.ParentRunner$2.evaluate(ParentRunner.java:268)
	at org.springframework.test.context.junit4.statements.RunBeforeTestClassCallbacks.evaluate(RunBeforeTestClassCallbacks.java:61)
	at org.springframework.test.context.junit4.statements.RunAfterTestClassCallbacks.evaluate(RunAfterTestClassCallbacks.java:70)
	at org.junit.runners.ParentRunner.run(ParentRunner.java:363)
	at org.springframework.test.context.junit4.SpringJUnit4ClassRunner.run(SpringJUnit4ClassRunner.java:190)
	at org.junit.runner.JUnitCore.run(JUnitCore.java:137)
	at com.intellij.junit4.JUnit4IdeaTestRunner.startRunnerWithArgs(JUnit4IdeaTestRunner.java:69)
	at com.intellij.rt.junit.IdeaTestRunner$Repeater$1.execute(IdeaTestRunner.java:38)
	at com.intellij.rt.execution.junit.TestsRepeater.repeat(TestsRepeater.java:11)
	at com.intellij.rt.junit.IdeaTestRunner$Repeater.startRunnerWithArgs(IdeaTestRunner.java:35)
	at com.intellij.rt.junit.JUnitStarter.prepareStreamsAndStart(JUnitStarter.java:232)
	at com.intellij.rt.junit.JUnitStarter.main(JUnitStarter.java:55)
Caused by: org.springframework.beans.factory.UnsatisfiedDependencyException: Error creating bean with name 'scheduleJobController': Unsatisfied dependency expressed through field 'scheduleJobService'; nested exception is org.springframework.beans.factory.BeanCreationException: Error creating bean with name 'scheduleJobService': Invocation of init method failed; nested exception is MyException(msg=峰瀹朵换CronTrigger虹板甯, code=500)
	at org.springframework.beans.factory.annotation.AutowiredAnnotationBeanPostProcessor$AutowiredFieldElement.inject(AutowiredAnnotationBeanPostProcessor.java:596)
	at org.springframework.beans.factory.annotation.InjectionMetadata.inject(InjectionMetadata.java:90)
	at org.springframework.beans.factory.annotation.AutowiredAnnotationBeanPostProcessor.postProcessProperties(AutowiredAnnotationBeanPostProcessor.java:374)
	at org.springframework.beans.factory.support.AbstractAutowireCapableBeanFactory.populateBean(AbstractAutowireCapableBeanFactory.java:1411)
	at org.springframework.beans.factory.support.AbstractAutowireCapableBeanFactory.doCreateBean(AbstractAutowireCapableBeanFactory.java:592)
	at org.springframework.beans.factory.support.AbstractAutowireCapableBeanFactory.createBean(AbstractAutowireCapableBeanFactory.java:515)
	at org.springframework.beans.factory.support.AbstractBeanFactory.lambda$doGetBean$0(AbstractBeanFactory.java:320)
	at org.springframework.beans.factory.support.DefaultSingletonBeanRegistry.getSingleton(DefaultSingletonBeanRegistry.java:222)
	at org.springframework.beans.factory.support.AbstractBeanFactory.doGetBean(AbstractBeanFactory.java:318)
	at org.springframework.beans.factory.support.AbstractBeanFactory.getBean(AbstractBeanFactory.java:199)
	at org.springframework.beans.factory.support.DefaultListableBeanFactory.preInstantiateSingletons(DefaultListableBeanFactory.java:845)
	at org.springframework.context.support.AbstractApplicationContext.finishBeanFactoryInitialization(AbstractApplicationContext.java:877)
	at org.springframework.context.support.AbstractApplicationContext.refresh(AbstractApplicationContext.java:549)
	at org.springframework.boot.SpringApplication.refresh(SpringApplication.java:743)
	at org.springframework.boot.SpringApplication.refreshContext(SpringApplication.java:390)
	at org.springframework.boot.SpringApplication.run(SpringApplication.java:312)
	at org.springframework.boot.test.context.SpringBootContextLoader.loadContext(SpringBootContextLoader.java:120)
	at org.springframework.test.context.cache.DefaultCacheAwareContextLoaderDelegate.loadContextInternal(DefaultCacheAwareContextLoaderDelegate.java:99)
	at org.springframework.test.context.cache.DefaultCacheAwareContextLoaderDelegate.loadContext(DefaultCacheAwareContextLoaderDelegate.java:117)
	... 26 common frames omitted
Caused by: org.springframework.beans.factory.BeanCreationException: Error creating bean with name 'scheduleJobService': Invocation of init method failed; nested exception is MyException(msg=峰瀹朵换CronTrigger虹板甯, code=500)
	at org.springframework.beans.factory.annotation.InitDestroyAnnotationBeanPostProcessor.postProcessBeforeInitialization(InitDestroyAnnotationBeanPostProcessor.java:139)
	at org.springframework.beans.factory.support.AbstractAutowireCapableBeanFactory.applyBeanPostProcessorsBeforeInitialization(AbstractAutowireCapableBeanFactory.java:414)
	at org.springframework.beans.factory.support.AbstractAutowireCapableBeanFactory.initializeBean(AbstractAutowireCapableBeanFactory.java:1770)
	at org.springframework.beans.factory.support.AbstractAutowireCapableBeanFactory.doCreateBean(AbstractAutowireCapableBeanFactory.java:593)
	at org.springframework.beans.factory.support.AbstractAutowireCapableBeanFactory.createBean(AbstractAutowireCapableBeanFactory.java:515)
	at org.springframework.beans.factory.support.AbstractBeanFactory.lambda$doGetBean$0(AbstractBeanFactory.java:320)
	at org.springframework.beans.factory.support.DefaultSingletonBeanRegistry.getSingleton(DefaultSingletonBeanRegistry.java:222)
	at org.springframework.beans.factory.support.AbstractBeanFactory.doGetBean(AbstractBeanFactory.java:318)
	at org.springframework.beans.factory.support.AbstractBeanFactory.getBean(AbstractBeanFactory.java:199)
	at org.springframework.beans.factory.config.DependencyDescriptor.resolveCandidate(DependencyDescriptor.java:277)
	at org.springframework.beans.factory.support.DefaultListableBeanFactory.doResolveDependency(DefaultListableBeanFactory.java:1251)
	at org.springframework.beans.factory.support.DefaultListableBeanFactory.resolveDependency(DefaultListableBeanFactory.java:1171)
	at org.springframework.beans.factory.annotation.AutowiredAnnotationBeanPostProcessor$AutowiredFieldElement.inject(AutowiredAnnotationBeanPostProcessor.java:593)
	... 44 common frames omitted
Caused by: com.aoeivux.cold.common.exception.MyException: 峰瀹朵换CronTrigger虹板甯
	at com.aoeivux.cold.jobs.utils.ScheduleUtils.getCronTrigger(ScheduleUtils.java:35)
	at com.aoeivux.cold.jobs.service.impl.ScheduleJobServiceImpl.init(ScheduleJobServiceImpl.java:35)
	at sun.reflect.NativeMethodAccessorImpl.invoke0(Native Method)
	at sun.reflect.NativeMethodAccessorImpl.invoke(NativeMethodAccessorImpl.java:62)
	at sun.reflect.DelegatingMethodAccessorImpl.invoke(DelegatingMethodAccessorImpl.java:43)
	at java.lang.reflect.Method.invoke(Method.java:498)
	at org.springframework.beans.factory.annotation.InitDestroyAnnotationBeanPostProcessor$LifecycleElement.invoke(InitDestroyAnnotationBeanPostProcessor.java:363)
	at org.springframework.beans.factory.annotation.InitDestroyAnnotationBeanPostProcessor$LifecycleMetadata.invokeInitMethods(InitDestroyAnnotationBeanPostProcessor.java:307)
	at org.springframework.beans.factory.annotation.InitDestroyAnnotationBeanPostProcessor.postProcessBeforeInitialization(InitDestroyAnnotationBeanPostProcessor.java:136)
	... 56 common frames omitted
Caused by: org.quartz.JobPersistenceException: Couldn't retrieve trigger: com.itheima.cold.common.job.entity.ScheduleJobEntity
	at org.quartz.impl.jdbcjobstore.JobStoreSupport.retrieveTrigger(JobStoreSupport.java:1538)
	at org.quartz.impl.jdbcjobstore.JobStoreSupport$12.execute(JobStoreSupport.java:1527)
	at org.quartz.impl.jdbcjobstore.JobStoreCMT.executeInLock(JobStoreCMT.java:245)
	at org.quartz.impl.jdbcjobstore.JobStoreSupport.executeWithoutLock(JobStoreSupport.java:3785)
	at org.quartz.impl.jdbcjobstore.JobStoreSupport.retrieveTrigger(JobStoreSupport.java:1524)
	at org.quartz.core.QuartzScheduler.getTrigger(QuartzScheduler.java:1499)
	at org.quartz.impl.StdScheduler.getTrigger(StdScheduler.java:508)
	at com.aoeivux.cold.jobs.utils.ScheduleUtils.getCronTrigger(ScheduleUtils.java:33)
	... 64 common frames omitted
Caused by: java.lang.ClassNotFoundException: com.itheima.cold.common.job.entity.ScheduleJobEntity
	at java.net.URLClassLoader.findClass(URLClassLoader.java:387)
	at java.lang.ClassLoader.loadClass(ClassLoader.java:419)
	at sun.misc.Launcher$AppClassLoader.loadClass(Launcher.java:352)
	at java.lang.ClassLoader.loadClass(ClassLoader.java:352)
	at java.lang.Class.forName0(Native Method)
	at java.lang.Class.forName(Class.java:348)
	at java.io.ObjectInputStream.resolveClass(ObjectInputStream.java:758)
	at java.io.ObjectInputStream.readNonProxyDesc(ObjectInputStream.java:1988)
	at java.io.ObjectInputStream.readClassDesc(ObjectInputStream.java:1852)
	at java.io.ObjectInputStream.readOrdinaryObject(ObjectInputStream.java:2186)
	at java.io.ObjectInputStream.readObject0(ObjectInputStream.java:1669)
	at java.io.ObjectInputStream.readObject(ObjectInputStream.java:503)
	at java.io.ObjectInputStream.readObject(ObjectInputStream.java:461)
	at java.util.HashMap.readObject(HashMap.java:1418)
	at sun.reflect.NativeMethodAccessorImpl.invoke0(Native Method)
	at sun.reflect.NativeMethodAccessorImpl.invoke(NativeMethodAccessorImpl.java:62)
	at sun.reflect.DelegatingMethodAccessorImpl.invoke(DelegatingMethodAccessorImpl.java:43)
	at java.lang.reflect.Method.invoke(Method.java:498)
	at java.io.ObjectStreamClass.invokeReadObject(ObjectStreamClass.java:1184)
	at java.io.ObjectInputStream.readSerialData(ObjectInputStream.java:2322)
	at java.io.ObjectInputStream.readOrdinaryObject(ObjectInputStream.java:2213)
	at java.io.ObjectInputStream.readObject0(ObjectInputStream.java:1669)
	at java.io.ObjectInputStream.defaultReadFields(ObjectInputStream.java:2431)
	at java.io.ObjectInputStream.readSerialData(ObjectInputStream.java:2355)
	at java.io.ObjectInputStream.readOrdinaryObject(ObjectInputStream.java:2213)
	at java.io.ObjectInputStream.readObject0(ObjectInputStream.java:1669)
	at java.io.ObjectInputStream.readObject(ObjectInputStream.java:503)
	at java.io.ObjectInputStream.readObject(ObjectInputStream.java:461)
	at org.quartz.impl.jdbcjobstore.StdJDBCDelegate.getObjectFromBlob(StdJDBCDelegate.java:3201)
	at org.quartz.impl.jdbcjobstore.StdJDBCDelegate.selectTrigger(StdJDBCDelegate.java:1780)
	at org.quartz.impl.jdbcjobstore.JobStoreSupport.retrieveTrigger(JobStoreSupport.java:1536)
	... 71 common frames omitted
